<?xml version="1.0" encoding="UTF-8"?>
<!-- Generated by org.testng.reporters.JUnitXMLReporter -->
<testsuite ignored="1" hostname="LAPTOP-DK6TK74Q" failures="0" tests="1" name="Test_runner-2" time="68.215" errors="0" timestamp="2023-01-02T16:47:30 IST">
  <testcase classname="com.ZMS.TestScripts.ZMSTest" name="manageticket" time="13.256"/>
  <testcase classname="com.ZMS.TestScripts.ZMSTest" name="addanimal" time="0.0">
    <ignored/>
  </testcase> <!-- addanimal -->
</testsuite> <!-- Test_runner-2 -->
