<?xml version="1.0" encoding="UTF-8"?>
<!-- Generated by org.testng.reporters.JUnitXMLReporter -->
<testsuite ignored="1" hostname="LAPTOP-DK6TK74Q" failures="0" tests="1" name="Test_runner-1" time="40.806" errors="0" timestamp="2023-01-02T16:47:02 IST">
  <testcase classname="com.ZMS.TestScripts.ZMSTest" name="addanimal" time="19.719"/>
  <testcase classname="com.ZMS.TestScripts.ZMSTest" name="manageticket" time="0.0">
    <ignored/>
  </testcase> <!-- manageticket -->
</testsuite> <!-- Test_runner-1 -->
