<?xml version="1.0" encoding="UTF-8"?>
<testng-results ignored="0" total="2" passed="2" failed="0" skipped="0">
  <reporter-output>
    <line>
      <![CDATA[This testcase is about Adding Animal]]>
    </line>
  </reporter-output>
  <suite started-at="2023-01-03T15:46:49 IST" name="Suite" finished-at="2023-01-03T15:47:19 IST" duration-ms="30165">
    <groups>
    </groups>
    <test started-at="2023-01-03T15:46:49 IST" name="Test" finished-at="2023-01-03T15:47:19 IST" duration-ms="30165">
      <class name="com.ZMS.TestScripts.ZMSTest">
        <test-method is-config="true" signature="launchlogin()[pri:0, instance:com.ZMS.TestScripts.ZMSTest@71a8adcf]" started-at="2023-01-03T15:46:49 IST" name="launchlogin" finished-at="2023-01-03T15:46:53 IST" duration-ms="3431" status="PASS">
          <reporter-output>
          </reporter-output>
        </test-method> <!-- launchlogin -->
        <test-method is-config="true" signature="setLogin()[pri:0, instance:com.ZMS.TestScripts.ZMSTest@71a8adcf]" started-at="2023-01-03T15:46:53 IST" name="setLogin" finished-at="2023-01-03T15:46:54 IST" duration-ms="1400" status="PASS">
          <reporter-output>
          </reporter-output>
        </test-method> <!-- setLogin -->
        <test-method signature="addanimal()[pri:0, instance:com.ZMS.TestScripts.ZMSTest@71a8adcf]" started-at="2023-01-03T15:46:54 IST" name="addanimal" finished-at="2023-01-03T15:47:08 IST" duration-ms="13839" status="PASS">
          <reporter-output>
            <line>
              <![CDATA[This testcase is about Adding Animal]]>
            </line>
          </reporter-output>
        </test-method> <!-- addanimal -->
        <test-method is-config="true" signature="logOut()[pri:0, instance:com.ZMS.TestScripts.ZMSTest@71a8adcf]" started-at="2023-01-03T15:47:08 IST" name="logOut" finished-at="2023-01-03T15:47:08 IST" duration-ms="136" status="PASS">
          <reporter-output>
          </reporter-output>
        </test-method> <!-- logOut -->
        <test-method is-config="true" signature="setLogin()[pri:0, instance:com.ZMS.TestScripts.ZMSTest@71a8adcf]" started-at="2023-01-03T15:47:08 IST" name="setLogin" finished-at="2023-01-03T15:47:09 IST" duration-ms="881" status="PASS">
          <reporter-output>
          </reporter-output>
        </test-method> <!-- setLogin -->
        <test-method signature="manageticket()[pri:0, instance:com.ZMS.TestScripts.ZMSTest@71a8adcf]" started-at="2023-01-03T15:47:09 IST" name="manageticket" finished-at="2023-01-03T15:47:19 IST" duration-ms="10047" status="PASS">
          <reporter-output>
          </reporter-output>
        </test-method> <!-- manageticket -->
        <test-method is-config="true" signature="logOut()[pri:0, instance:com.ZMS.TestScripts.ZMSTest@71a8adcf]" started-at="2023-01-03T15:47:19 IST" name="logOut" finished-at="2023-01-03T15:47:19 IST" duration-ms="180" status="PASS">
          <reporter-output>
          </reporter-output>
        </test-method> <!-- logOut -->
        <test-method is-config="true" signature="closeBrowser()[pri:0, instance:com.ZMS.TestScripts.ZMSTest@71a8adcf]" started-at="2023-01-03T15:47:19 IST" name="closeBrowser" finished-at="2023-01-03T15:47:19 IST" duration-ms="204" status="PASS">
          <reporter-output>
          </reporter-output>
        </test-method> <!-- closeBrowser -->
      </class> <!-- com.ZMS.TestScripts.ZMSTest -->
    </test> <!-- Test -->
  </suite> <!-- Suite -->
</testng-results>
